<?xml version="1.0" encoding="UTF-8"?>
<testsuite xmlns:xsi="http://www.w3.org/2001/XMLSchema-instance" xsi:noNamespaceSchemaLocation="https://maven.apache.org/surefire/maven-surefire-plugin/xsd/surefire-test-report.xsd" name="sn.objis.gestionstock.utils.AppTest" time="0.009" tests="1" errors="0" skipped="0" failures="0">
  <properties>
    <property name="sun.desktop" value="windows"/>
    <property name="awt.toolkit" value="sun.awt.windows.WToolkit"/>
    <property name="file.encoding.pkg" value="sun.io"/>
    <property name="java.specification.version" value="1.8"/>
    <property name="sun.cpu.isalist" value="pentium_pro+mmx pentium_pro pentium+mmx pentium i486 i386 i86"/>
    <property name="sun.jnu.encoding" value="Cp1252"/>
    <property name="java.class.path" value="D:\OBJIS\MODULE 4\gestionstock\gestionstock\gestionstock-utils\target\test-classes;D:\OBJIS\MODULE 4\gestionstock\gestionstock\gestionstock-utils\target\classes;C:\Users\alioucisse\.m2\repository\junit\junit\4.11\junit-4.11.jar;C:\Users\alioucisse\.m2\repository\org\hamcrest\hamcrest-core\1.3\hamcrest-core-1.3.jar;C:\Users\alioucisse\.m2\repository\mysql\mysql-connector-java\5.1.29\mysql-connector-java-5.1.29.jar;"/>
    <property name="java.vm.vendor" value="Oracle Corporation"/>
    <property name="sun.arch.data.model" value="32"/>
    <property name="user.variant" value=""/>
    <property name="java.vendor.url" value="http://java.oracle.com/"/>
    <property name="user.timezone" value=""/>
    <property name="java.vm.specification.version" value="1.8"/>
    <property name="os.name" value="Windows 7"/>
    <property name="user.country" value="FR"/>
    <property name="sun.java.launcher" value="SUN_STANDARD"/>
    <property name="sun.boot.library.path" value="C:\developpement\sdk\java\jdk\jdk-8\jre\bin"/>
    <property name="sun.java.command" value="C:\Users\ALIOUC~1\AppData\Local\Temp\surefire1736974682158840190\surefirebooter3345206314929196943.jar C:\Users\alioucisse\AppData\Local\Temp\surefire1736974682158840190 2018-10-10T17-48-52_534-jvmRun1 surefire7418722780468400401tmp surefire_08963989900920629203tmp"/>
    <property name="surefire.test.class.path" value="D:\OBJIS\MODULE 4\gestionstock\gestionstock\gestionstock-utils\target\test-classes;D:\OBJIS\MODULE 4\gestionstock\gestionstock\gestionstock-utils\target\classes;C:\Users\alioucisse\.m2\repository\junit\junit\4.11\junit-4.11.jar;C:\Users\alioucisse\.m2\repository\org\hamcrest\hamcrest-core\1.3\hamcrest-core-1.3.jar;C:\Users\alioucisse\.m2\repository\mysql\mysql-connector-java\5.1.29\mysql-connector-java-5.1.29.jar;"/>
    <property name="sun.cpu.endian" value="little"/>
    <property name="user.home" value="C:\Users\alioucisse"/>
    <property name="user.language" value="fr"/>
    <property name="java.specification.vendor" value="Oracle Corporation"/>
    <property name="java.home" value="C:\developpement\sdk\java\jdk\jdk-8\jre"/>
    <property name="basedir" value="D:\OBJIS\MODULE 4\gestionstock\gestionstock\gestionstock-utils"/>
    <property name="file.separator" value="\"/>
    <property name="line.separator" value="&#10;"/>
    <property name="java.vm.specification.vendor" value="Oracle Corporation"/>
    <property name="java.specification.name" value="Java Platform API Specification"/>
    <property name="java.awt.graphicsenv" value="sun.awt.Win32GraphicsEnvironment"/>
    <property name="surefire.real.class.path" value="C:\Users\ALIOUC~1\AppData\Local\Temp\surefire1736974682158840190\surefirebooter3345206314929196943.jar"/>
    <property name="sun.boot.class.path" value="C:\developpement\sdk\java\jdk\jdk-8\jre\lib\resources.jar;C:\developpement\sdk\java\jdk\jdk-8\jre\lib\rt.jar;C:\developpement\sdk\java\jdk\jdk-8\jre\lib\sunrsasign.jar;C:\developpement\sdk\java\jdk\jdk-8\jre\lib\jsse.jar;C:\developpement\sdk\java\jdk\jdk-8\jre\lib\jce.jar;C:\developpement\sdk\java\jdk\jdk-8\jre\lib\charsets.jar;C:\developpement\sdk\java\jdk\jdk-8\jre\lib\jfr.jar;C:\developpement\sdk\java\jdk\jdk-8\jre\classes"/>
    <property name="user.script" value=""/>
    <property name="sun.management.compiler" value="HotSpot Client Compiler"/>
    <property name="java.runtime.version" value="1.8.0_152-b16"/>
    <property name="user.name" value="alioucisse"/>
    <property name="path.separator" value=";"/>
    <property name="os.version" value="6.1"/>
    <property name="java.endorsed.dirs" value="C:\developpement\sdk\java\jdk\jdk-8\jre\lib\endorsed"/>
    <property name="java.runtime.name" value="Java(TM) SE Runtime Environment"/>
    <property name="file.encoding" value="Cp1252"/>
    <property name="java.vm.name" value="Java HotSpot(TM) Client VM"/>
    <property name="localRepository" value="C:\Users\alioucisse\.m2\repository"/>
    <property name="java.vendor.url.bug" value="http://bugreport.sun.com/bugreport/"/>
    <property name="java.io.tmpdir" value="C:\Users\ALIOUC~1\AppData\Local\Temp\"/>
    <property name="java.version" value="1.8.0_152"/>
    <property name="user.dir" value="D:\OBJIS\MODULE 4\gestionstock\gestionstock\gestionstock-utils"/>
    <property name="os.arch" value="x86"/>
    <property name="java.vm.specification.name" value="Java Virtual Machine Specification"/>
    <property name="java.awt.printerjob" value="sun.awt.windows.WPrinterJob"/>
    <property name="sun.os.patch.level" value="Service Pack 1"/>
    <property name="java.library.path" value="C:\developpement\sdk\java\jdk\jdk-8\jre\bin;C:\Windows\Sun\Java\bin;C:\Windows\system32;C:\Windows;C:\developpement\sdk\java\jdk\jdk-8\bin;C:\developpement\sdk\java\jdk\jdk-9\bin;C:\ProgramData\Oracle\Java\javapath;c:\Program Files (x86)\Intel\iCLS Client\;c:\Program Files\Intel\iCLS Client\;C:\Program Files (x86)\AMD APP\bin\x86_64;C:\Program Files (x86)\AMD APP\bin\x86;C:\Windows\system32;C:\Windows;C:\Windows\System32\Wbem;C:\Windows\System32\WindowsPowerShell\v1.0\;C:\Program Files (x86)\ATI Technologies\ATI.ACE\Core-Static;C:\Program Files\Intel\Intel(R) Management Engine Components\DAL;C:\Program Files\Intel\Intel(R) Management Engine Components\IPT;C:\Program Files (x86)\Intel\Intel(R) Management Engine Components\DAL;C:\Program Files (x86)\Intel\Intel(R) Management Engine Components\IPT;C:\Program Files (x86)\Intel\OpenCL SDK\3.0\bin\x86;C:\Program Files (x86)\Intel\OpenCL SDK\3.0\bin\x64;C:\Users\IPERF;C:\Program Files (x86)\Gow\bin;C:\developpement\outil\git\Git\cmd;C:\developpement\outil\node.js\;C:\developpement\outil\apache-maven-3.5.3\bin;C:\developpement\outil\visual paradigm\Visual Paradigm CE 11.2\bin;C:\Program Files\Microsoft SQL Server\110\Tools\Binn\;C:\Users\alioucisse\AppData\Roaming\npm;."/>
    <property name="java.vm.info" value="mixed mode"/>
    <property name="java.vendor" value="Oracle Corporation"/>
    <property name="java.vm.version" value="25.152-b16"/>
    <property name="java.ext.dirs" value="C:\developpement\sdk\java\jdk\jdk-8\jre\lib\ext;C:\Windows\Sun\Java\lib\ext"/>
    <property name="sun.io.unicode.encoding" value="UnicodeLittle"/>
    <property name="java.class.version" value="52.0"/>
  </properties>
  <testcase name="testApp" classname="sn.objis.gestionstock.utils.AppTest" time="0"/>
</testsuite>